<?xml version="1.0" encoding="UTF-8"?>
<!-- Generated by org.testng.reporters.JUnitReportReporter -->
<testsuite hostname="DESKTOP-U5RF1EA" failures="0" tests="1" name="test.RunThis" time="18.087" errors="0" timestamp="2024-11-29T01:31:25 IST" skipped="0">
  <testcase classname="test.RunThis" name="sample_test" time="18.087"/>
</testsuite> <!-- test.RunThis -->
