<?xml version="1.0" encoding="UTF-8"?>
<!-- Generated by org.testng.reporters.JUnitReportReporter -->
<testsuite hostname="DESKTOP-U5RF1EA" failures="0" tests="1" name="test.Test3And4" time="32.659" errors="0" timestamp="2024-11-29T02:40:05 IST" skipped="0">
  <testcase classname="test.Test3And4" name="sample_test" time="32.659"/>
</testsuite> <!-- test.Test3And4 -->
