<?xml version="1.0" encoding="UTF-8"?>
<!-- Generated by org.testng.reporters.JUnitReportReporter -->
<testsuite hostname="DESKTOP-U5RF1EA" failures="0" tests="1" name="test.Test1And2" time="23.372" errors="0" timestamp="2024-11-29T02:33:11 IST" skipped="0">
  <testcase classname="test.Test1And2" name="sample_test" time="23.372"/>
</testsuite> <!-- test.Test1And2 -->
